Using pre-set license
Built from '2021.3/evg/staging/82bb020e-b03b1330/draft-0' branch; Version is '2021.3.16f1 (4016570cf34f) revision 4200023'; Using compiler version '192829333'; Build Type 'Release'
OS: 'Windows 11  (10.0.22631) 64bit Core' Language: 'ja' Physical Memory: 64704 MB
BatchMode: 1, IsHumanControllingUs: 0, StartBugReporterOnCrash: 0, Is64bit: 1, IsPro: 1

COMMAND LINE ARGUMENTS:
C:\Program Files\Unity\Hub\Editor\2021.3.16f1\Editor\Unity.exe
-adb2
-batchMode
-noUpm
-name
AssetImportWorker1
-projectPath
C:/Users/Takeaki/ww1
-logFile
Logs/AssetImportWorker1.log
-srvPort
50628
Successfully changed project path to: C:/Users/Takeaki/ww1
C:/Users/Takeaki/ww1
[UnityMemory] Configuration Parameters - Can be set up in boot.config
    "memorysetup-bucket-allocator-granularity=16"
    "memorysetup-bucket-allocator-bucket-count=8"
    "memorysetup-bucket-allocator-block-size=33554432"
    "memorysetup-bucket-allocator-block-count=8"
    "memorysetup-main-allocator-block-size=16777216"
    "memorysetup-thread-allocator-block-size=16777216"
    "memorysetup-gfx-main-allocator-block-size=16777216"
    "memorysetup-gfx-thread-allocator-block-size=16777216"
    "memorysetup-cache-allocator-block-size=4194304"
    "memorysetup-typetree-allocator-block-size=2097152"
    "memorysetup-profiler-bucket-allocator-granularity=16"
    "memorysetup-profiler-bucket-allocator-bucket-count=8"
    "memorysetup-profiler-bucket-allocator-block-size=33554432"
    "memorysetup-profiler-bucket-allocator-block-count=8"
    "memorysetup-profiler-allocator-block-size=16777216"
    "memorysetup-profiler-editor-allocator-block-size=1048576"
    "memorysetup-temp-allocator-size-main=16777216"
    "memorysetup-job-temp-allocator-block-size=2097152"
    "memorysetup-job-temp-allocator-block-size-background=1048576"
    "memorysetup-job-temp-allocator-reduction-small-platforms=262144"
    "memorysetup-temp-allocator-size-background-worker=32768"
    "memorysetup-temp-allocator-size-job-worker=262144"
    "memorysetup-temp-allocator-size-preload-manager=33554432"
    "memorysetup-temp-allocator-size-nav-mesh-worker=65536"
    "memorysetup-temp-allocator-size-audio-worker=65536"
    "memorysetup-temp-allocator-size-cloud-worker=32768"
    "memorysetup-temp-allocator-size-gi-baking-worker=262144"
    "memorysetup-temp-allocator-size-gfx=262144"
Player connection [160972] Host "[IP] 192.168.10.109 [Port] 0 [Flags] 2 [Guid] 1305182093 [EditorId] 1305182093 [Version] 1048832 [Id] WindowsEditor(7,DESKTOP-00T6NSI) [Debug] 1 [PackageName] WindowsEditor [ProjectName] Editor" joined multi-casting on [225.0.0.222:54997]...

Player connection [160972] Host "[IP] 192.168.10.109 [Port] 0 [Flags] 2 [Guid] 1305182093 [EditorId] 1305182093 [Version] 1048832 [Id] WindowsEditor(7,DESKTOP-00T6NSI) [Debug] 1 [PackageName] WindowsEditor [ProjectName] Editor" joined alternative multi-casting on [225.0.0.222:34997]...

Refreshing native plugins compatible for Editor in 68.13 ms, found 6 plugins.
Preloading 0 native plugins for Editor in 0.00 ms.
Initialize engine version: 2021.3.16f1 (4016570cf34f)
[Subsystems] Discovering subsystems at path C:/Program Files/Unity/Hub/Editor/2021.3.16f1/Editor/Data/Resources/UnitySubsystems
[Subsystems] Discovering subsystems at path C:/Users/Takeaki/ww1/Assets
GfxDevice: creating device client; threaded=0; jobified=0
Direct3D:
    Version:  Direct3D 11.0 [level 11.1]
    Renderer: AMD Radeon RX 7900 XT (ID=0x744c)
    Vendor:   ATI
    VRAM:     20416 MB
    Driver:   31.0.24002.92
Initialize mono
Mono path[0] = 'C:/Program Files/Unity/Hub/Editor/2021.3.16f1/Editor/Data/Managed'
Mono path[1] = 'C:/Program Files/Unity/Hub/Editor/2021.3.16f1/Editor/Data/MonoBleedingEdge/lib/mono/unityjit-win32'
Mono config path = 'C:/Program Files/Unity/Hub/Editor/2021.3.16f1/Editor/Data/MonoBleedingEdge/etc'
Using monoOptions --debugger-agent=transport=dt_socket,embedding=1,server=y,suspend=n,address=127.0.0.1:56068
Begin MonoManager ReloadAssembly
Registering precompiled unity dll's ...
Register platform support module: C:/Program Files/Unity/Hub/Editor/2021.3.16f1/Editor/Data/PlaybackEngines/WindowsStandaloneSupport/UnityEditor.WindowsStandalone.Extensions.dll
Registered in 0.002940 seconds.
Native extension for WindowsStandalone target not found
Refreshing native plugins compatible for Editor in 63.01 ms, found 6 plugins.
Preloading 0 native plugins for Editor in 0.00 ms.
Mono: successfully reloaded assembly
- Completed reload, in  0.366 seconds
Domain Reload Profiling:
	ReloadAssembly (367ms)
		BeginReloadAssembly (41ms)
			ExecutionOrderSort (0ms)
			DisableScriptedObjects (0ms)
			BackupInstance (0ms)
			ReleaseScriptingObjects (0ms)
			CreateAndSetChildDomain (0ms)
		EndReloadAssembly (266ms)
			LoadAssemblies (40ms)
			RebuildTransferFunctionScriptingTraits (0ms)
			SetupTypeCache (61ms)
			ReleaseScriptCaches (0ms)
			RebuildScriptCaches (15ms)
			SetupLoadedEditorAssemblies (158ms)
				LogAssemblyErrors (0ms)
				InitializePlatformSupportModulesInManaged (4ms)
				SetLoadedEditorAssemblies (0ms)
				RefreshPlugins (63ms)
				BeforeProcessingInitializeOnLoad (1ms)
				ProcessInitializeOnLoadAttributes (65ms)
				ProcessInitializeOnLoadMethodAttributes (25ms)
				AfterProcessingInitializeOnLoad (0ms)
				EditorAssembliesLoaded (0ms)
			ExecutionOrderSort2 (0ms)
			AwakeInstancesAfterBackupRestoration (0ms)
Platform modules already initialized, skipping
Registering precompiled user dll's ...
Registered in 0.006004 seconds.
Begin MonoManager ReloadAssembly
Symbol file LoadedFromMemory doesn't match image C:\Users\Takeaki\ww1\Library\PackageCache\com.unity.visualscripting@1.7.8\Editor\VisualScripting.Core\Dependencies\YamlDotNet\Unity.VisualScripting.YamlDotNet.dll
Symbol file LoadedFromMemory doesn't match image C:\Users\Takeaki\ww1\Library\PackageCache\com.unity.visualscripting@1.7.8\Editor\VisualScripting.Core\Dependencies\DotNetZip\Unity.VisualScripting.IonicZip.dll
Native extension for WindowsStandalone target not found
Refreshing native plugins compatible for Editor in 62.63 ms, found 6 plugins.
Preloading 0 native plugins for Editor in 0.00 ms.
Mono: successfully reloaded assembly
- Completed reload, in  0.681 seconds
Domain Reload Profiling:
	ReloadAssembly (682ms)
		BeginReloadAssembly (64ms)
			ExecutionOrderSort (0ms)
			DisableScriptedObjects (3ms)
			BackupInstance (0ms)
			ReleaseScriptingObjects (0ms)
			CreateAndSetChildDomain (14ms)
		EndReloadAssembly (549ms)
			LoadAssemblies (52ms)
			RebuildTransferFunctionScriptingTraits (0ms)
			SetupTypeCache (166ms)
			ReleaseScriptCaches (1ms)
			RebuildScriptCaches (29ms)
			SetupLoadedEditorAssemblies (276ms)
				LogAssemblyErrors (0ms)
				InitializePlatformSupportModulesInManaged (2ms)
				SetLoadedEditorAssemblies (0ms)
				RefreshPlugins (63ms)
				BeforeProcessingInitializeOnLoad (65ms)
				ProcessInitializeOnLoadAttributes (130ms)
				ProcessInitializeOnLoadMethodAttributes (12ms)
				AfterProcessingInitializeOnLoad (4ms)
				EditorAssembliesLoaded (0ms)
			ExecutionOrderSort2 (0ms)
			AwakeInstancesAfterBackupRestoration (4ms)
Platform modules already initialized, skipping
========================================================================
Worker process is ready to serve import requests
Launched and connected shader compiler UnityShaderCompiler.exe after 0.03 seconds
Refreshing native plugins compatible for Editor in 0.82 ms, found 6 plugins.
Preloading 0 native plugins for Editor in 0.00 ms.
Unloading 4329 Unused Serialized files (Serialized files now loaded: 0)
Unloading 80 unused Assets / (22.2 MB). Loaded Objects now: 4776.
Memory consumption went from 233.2 MB to 211.0 MB.
Total: 5.535000 ms (FindLiveObjects: 0.273700 ms CreateObjectMapping: 0.064300 ms MarkObjects: 2.004500 ms  DeleteObjects: 3.191900 ms)

AssetImportParameters requested are different than current active one (requested -> active):
  custom:video-decoder-ogg-theora: a1e56fd34408186e4bbccfd4996cb3dc -> 
  custom:container-muxer-webm: aa71ff27fc2769a1b78a27578f13a17b -> 
  custom:container-demuxer-webm: 4f35f7cbe854078d1ac9338744f61a02 -> 
  custom:video-encoder-webm-vp8: eb34c28f22e8b96e1ab97ce403110664 -> 
  custom:video-codec-MediaFoundation-h265: 746d11721c4dcdbdad8f713fa42b33f4 -> 
  custom:audio-encoder-webm-vorbis: bf7c407c2cedff20999df2af8eb42d56 -> 
  custom:framework-win-MediaFoundation: 216162199b28c13a410421893ffa2e32 -> 
  custom:container-demuxer-ogg: 62fdf1f143b41e24485cea50d1cbac27 -> 
  custom:video-decoder-webm-vp8: 9c59270c3fd7afecdb556c50c9e8de78 -> 
  custom:audio-decoder-ogg-vorbis: bf7c407c2cedff20999df2af8eb42d56 -> 
========================================================================
Received Import Request.
  Time since last request: 984719.116730 seconds.
  path: Assets/scene/Lightmap-0_comp_light.exr
  artifactKey: Guid(5c6a29d0e7300234cbae67bd9ee259a2) Importer(815301076,1909f56bfc062723c751e8b465ee728b)
Start importing Assets/scene/Lightmap-0_comp_light.exr using Guid(5c6a29d0e7300234cbae67bd9ee259a2) Importer(815301076,1909f56bfc062723c751e8b465ee728b)  -> (artifact id: 'e89f3f6ebc020e17a437c82ec5e16782') in 0.062257 seconds 
========================================================================
Received Import Request.
  Time since last request: 0.000018 seconds.
  path: Assets/scene/Lightmap-1_comp_light.exr
  artifactKey: Guid(bea220b43de954246881b5a690acc6c3) Importer(815301076,1909f56bfc062723c751e8b465ee728b)
Start importing Assets/scene/Lightmap-1_comp_light.exr using Guid(bea220b43de954246881b5a690acc6c3) Importer(815301076,1909f56bfc062723c751e8b465ee728b)  -> (artifact id: '6a70fde02d3beb323f1f9a70957e384d') in 0.008949 seconds 
========================================================================
Received Import Request.
  Time since last request: 40.472150 seconds.
  path: Assets/dokomo/images/forest_ground_04_disp_1k.png
  artifactKey: Guid(a165ae26c3f4ae945bba56bfcb568f2d) Importer(815301076,1909f56bfc062723c751e8b465ee728b)
Start importing Assets/dokomo/images/forest_ground_04_disp_1k.png using Guid(a165ae26c3f4ae945bba56bfcb568f2d) Importer(815301076,1909f56bfc062723c751e8b465ee728b)  -> (artifact id: 'af4d84e177fc93fbcb7218d162e223d3') in 0.037296 seconds 
========================================================================
Received Import Request.
  Time since last request: 133.578648 seconds.
  path: Assets/dokomo/prefabs/Crate-04.prefab
  artifactKey: Guid(be60e6a4fe53cbc44a890ccff7c14ad6) Importer(815301076,1909f56bfc062723c751e8b465ee728b)
Start importing Assets/dokomo/prefabs/Crate-04.prefab using Guid(be60e6a4fe53cbc44a890ccff7c14ad6) Importer(815301076,1909f56bfc062723c751e8b465ee728b)  -> (artifact id: '3f3a4ea1809e29d86dba33b2040057c4') in 0.014455 seconds 
========================================================================
Received Import Request.
  Time since last request: 0.000020 seconds.
  path: Assets/dokomo/prefabs/grass_medium_02_b.prefab
  artifactKey: Guid(7dfe547b9718ef545a370536d70ab671) Importer(815301076,1909f56bfc062723c751e8b465ee728b)
Start importing Assets/dokomo/prefabs/grass_medium_02_b.prefab using Guid(7dfe547b9718ef545a370536d70ab671) Importer(815301076,1909f56bfc062723c751e8b465ee728b)  -> (artifact id: '099d6532d478b7cdee72a49e9660fa62') in 0.005545 seconds 
========================================================================
Received Import Request.
  Time since last request: 0.000015 seconds.
  path: Assets/dokomo/prefabs/grass_medium_02_d.prefab
  artifactKey: Guid(807d0f9dc2f935f4ebea5541fcfe678e) Importer(815301076,1909f56bfc062723c751e8b465ee728b)
Start importing Assets/dokomo/prefabs/grass_medium_02_d.prefab using Guid(807d0f9dc2f935f4ebea5541fcfe678e) Importer(815301076,1909f56bfc062723c751e8b465ee728b)  -> (artifact id: '8bd09cfbf8f6b5316fa8d708dae84001') in 0.004707 seconds 
========================================================================
Received Import Request.
  Time since last request: 0.000013 seconds.
  path: Assets/dokomo/prefabs/grass_medium_02_e.prefab
  artifactKey: Guid(7b94260d6a22c5f4f81aa94db0510896) Importer(815301076,1909f56bfc062723c751e8b465ee728b)
Start importing Assets/dokomo/prefabs/grass_medium_02_e.prefab using Guid(7b94260d6a22c5f4f81aa94db0510896) Importer(815301076,1909f56bfc062723c751e8b465ee728b)  -> (artifact id: '98c7ee86c752b399e5185d867af16cbb') in 0.005077 seconds 
========================================================================
Received Import Request.
  Time since last request: 0.002410 seconds.
  path: Assets/dokomo/prefabs/trench.fbx
  artifactKey: Guid(1b042fd9d8f313e4abb4cb2a5ee02621) Importer(815301076,1909f56bfc062723c751e8b465ee728b)
Start importing Assets/dokomo/prefabs/trench.fbx using Guid(1b042fd9d8f313e4abb4cb2a5ee02621) Importer(815301076,1909f56bfc062723c751e8b465ee728b)  -> (artifact id: '51cfc3b5d893c9538d4df57c227e5768') in 0.069392 seconds 
========================================================================
Received Import Request.
  Time since last request: 0.000013 seconds.
  path: Assets/dokomo/prefabs/Tree 3.prefab
  artifactKey: Guid(889e744c9a0ff75459388dc085cb6df0) Importer(815301076,1909f56bfc062723c751e8b465ee728b)
Start importing Assets/dokomo/prefabs/Tree 3.prefab using Guid(889e744c9a0ff75459388dc085cb6df0) Importer(815301076,1909f56bfc062723c751e8b465ee728b)  -> (artifact id: '7c7f318b649753fa6ff6b8fd3f89b55e') in 0.030633 seconds 
Editor requested this worker to shutdown with reason: Scaling down because of idle timeout
AssetImportWorker is now disconnected from the server
Process exiting
Exiting without the bug reporter. Application will terminate with return code 0